[27-Mar-2019 22:21:12 UTC] PHP Warning:  include(../dbConnection.php): failed to open stream: No such file or directory in /home/ubuntu/workspace/s2019cst336/Exams/Midterm1/getData.php on line 2
[27-Mar-2019 22:21:12 UTC] PHP Stack trace:
[27-Mar-2019 22:21:12 UTC] PHP   1. {main}() /home/ubuntu/workspace/s2019cst336/Exams/Midterm1/getData.php:0
[27-Mar-2019 22:21:12 UTC] PHP Warning:  include(): Failed opening '../dbConnection.php' for inclusion (include_path='.:/usr/share/php:/usr/share/pear') in /home/ubuntu/workspace/s2019cst336/Exams/Midterm1/getData.php on line 2
[27-Mar-2019 22:21:12 UTC] PHP Stack trace:
[27-Mar-2019 22:21:12 UTC] PHP   1. {main}() /home/ubuntu/workspace/s2019cst336/Exams/Midterm1/getData.php:0
[27-Mar-2019 22:21:12 UTC] PHP Fatal error:  Call to undefined function getDBConnection() in /home/ubuntu/workspace/s2019cst336/Exams/Midterm1/getData.php on line 4
[27-Mar-2019 22:21:12 UTC] PHP Stack trace:
[27-Mar-2019 22:21:12 UTC] PHP   1. {main}() /home/ubuntu/workspace/s2019cst336/Exams/Midterm1/getData.php:0
[27-Mar-2019 23:06:38 UTC] PHP Fatal error:  Uncaught exception 'PDOException' with message 'SQLSTATE[42000]: Syntax error or access violation: 1064 You have an error in your SQL syntax; check the manual that corresponds to your MySQL server version for the right syntax to use near 'match' at line 1' in /home/ubuntu/workspace/s2019cst336/Exams/Midterm1/matching.php:8
Stack trace:
#0 /home/ubuntu/workspace/s2019cst336/Exams/Midterm1/matching.php(8): PDO->prepare('SELECT * FROM m...')
#1 {main}
  thrown in /home/ubuntu/workspace/s2019cst336/Exams/Midterm1/matching.php on line 8
[27-Mar-2019 23:07:21 UTC] PHP Fatal error:  Uncaught exception 'PDOException' with message 'SQLSTATE[42000]: Syntax error or access violation: 1064 You have an error in your SQL syntax; check the manual that corresponds to your MySQL server version for the right syntax to use near 'match' at line 1' in /home/ubuntu/workspace/s2019cst336/Exams/Midterm1/matching.php:8
Stack trace:
#0 /home/ubuntu/workspace/s2019cst336/Exams/Midterm1/matching.php(8): PDO->prepare('SELECT * FROM m...')
#1 {main}
  thrown in /home/ubuntu/workspace/s2019cst336/Exams/Midterm1/matching.php on line 8
[27-Mar-2019 23:08:36 UTC] PHP Fatal error:  Uncaught exception 'PDOException' with message 'SQLSTATE[42000]: Syntax error or access violation: 1064 You have an error in your SQL syntax; check the manual that corresponds to your MySQL server version for the right syntax to use near 'match' at line 1' in /home/ubuntu/workspace/s2019cst336/Exams/Midterm1/matching.php:8
Stack trace:
#0 /home/ubuntu/workspace/s2019cst336/Exams/Midterm1/matching.php(8): PDO->prepare('SELECT * FROM m...')
#1 {main}
  thrown in /home/ubuntu/workspace/s2019cst336/Exams/Midterm1/matching.php on line 8
[27-Mar-2019 23:08:36 UTC] PHP Fatal error:  Uncaught exception 'PDOException' with message 'SQLSTATE[42000]: Syntax error or access violation: 1064 You have an error in your SQL syntax; check the manual that corresponds to your MySQL server version for the right syntax to use near 'match' at line 1' in /home/ubuntu/workspace/s2019cst336/Exams/Midterm1/matching.php:8
Stack trace:
#0 /home/ubuntu/workspace/s2019cst336/Exams/Midterm1/matching.php(8): PDO->prepare('SELECT * FROM m...')
#1 {main}
  thrown in /home/ubuntu/workspace/s2019cst336/Exams/Midterm1/matching.php on line 8
[27-Mar-2019 23:08:36 UTC] PHP Fatal error:  Uncaught exception 'PDOException' with message 'SQLSTATE[42000]: Syntax error or access violation: 1064 You have an error in your SQL syntax; check the manual that corresponds to your MySQL server version for the right syntax to use near 'match' at line 1' in /home/ubuntu/workspace/s2019cst336/Exams/Midterm1/matching.php:8
Stack trace:
#0 /home/ubuntu/workspace/s2019cst336/Exams/Midterm1/matching.php(8): PDO->prepare('SELECT * FROM m...')
#1 {main}
  thrown in /home/ubuntu/workspace/s2019cst336/Exams/Midterm1/matching.php on line 8
[27-Mar-2019 23:08:36 UTC] PHP Fatal error:  Uncaught exception 'PDOException' with message 'SQLSTATE[42000]: Syntax error or access violation: 1064 You have an error in your SQL syntax; check the manual that corresponds to your MySQL server version for the right syntax to use near 'match' at line 1' in /home/ubuntu/workspace/s2019cst336/Exams/Midterm1/matching.php:8
Stack trace:
#0 /home/ubuntu/workspace/s2019cst336/Exams/Midterm1/matching.php(8): PDO->prepare('SELECT * FROM m...')
#1 {main}
  thrown in /home/ubuntu/workspace/s2019cst336/Exams/Midterm1/matching.php on line 8
[27-Mar-2019 23:08:37 UTC] PHP Fatal error:  Uncaught exception 'PDOException' with message 'SQLSTATE[42000]: Syntax error or access violation: 1064 You have an error in your SQL syntax; check the manual that corresponds to your MySQL server version for the right syntax to use near 'match' at line 1' in /home/ubuntu/workspace/s2019cst336/Exams/Midterm1/matching.php:8
Stack trace:
#0 /home/ubuntu/workspace/s2019cst336/Exams/Midterm1/matching.php(8): PDO->prepare('SELECT * FROM m...')
#1 {main}
  thrown in /home/ubuntu/workspace/s2019cst336/Exams/Midterm1/matching.php on line 8
[27-Mar-2019 23:08:37 UTC] PHP Fatal error:  Uncaught exception 'PDOException' with message 'SQLSTATE[42000]: Syntax error or access violation: 1064 You have an error in your SQL syntax; check the manual that corresponds to your MySQL server version for the right syntax to use near 'match' at line 1' in /home/ubuntu/workspace/s2019cst336/Exams/Midterm1/matching.php:8
Stack trace:
#0 /home/ubuntu/workspace/s2019cst336/Exams/Midterm1/matching.php(8): PDO->prepare('SELECT * FROM m...')
#1 {main}
  thrown in /home/ubuntu/workspace/s2019cst336/Exams/Midterm1/matching.php on line 8
[27-Mar-2019 23:12:29 UTC] PHP Fatal error:  Uncaught exception 'PDOException' with message 'SQLSTATE[42000]: Syntax error or access violation: 1064 You have an error in your SQL syntax; check the manual that corresponds to your MySQL server version for the right syntax to use near 'match' at line 1' in /home/ubuntu/workspace/s2019cst336/Exams/Midterm1/matching.php:8
Stack trace:
#0 /home/ubuntu/workspace/s2019cst336/Exams/Midterm1/matching.php(8): PDO->prepare('SELECT * FROM m...')
#1 {main}
  thrown in /home/ubuntu/workspace/s2019cst336/Exams/Midterm1/matching.php on line 8
[27-Mar-2019 23:12:30 UTC] PHP Fatal error:  Uncaught exception 'PDOException' with message 'SQLSTATE[42000]: Syntax error or access violation: 1064 You have an error in your SQL syntax; check the manual that corresponds to your MySQL server version for the right syntax to use near 'match' at line 1' in /home/ubuntu/workspace/s2019cst336/Exams/Midterm1/matching.php:8
Stack trace:
#0 /home/ubuntu/workspace/s2019cst336/Exams/Midterm1/matching.php(8): PDO->prepare('SELECT * FROM m...')
#1 {main}
  thrown in /home/ubuntu/workspace/s2019cst336/Exams/Midterm1/matching.php on line 8
[27-Mar-2019 23:12:31 UTC] PHP Fatal error:  Uncaught exception 'PDOException' with message 'SQLSTATE[42000]: Syntax error or access violation: 1064 You have an error in your SQL syntax; check the manual that corresponds to your MySQL server version for the right syntax to use near 'match' at line 1' in /home/ubuntu/workspace/s2019cst336/Exams/Midterm1/matching.php:8
Stack trace:
#0 /home/ubuntu/workspace/s2019cst336/Exams/Midterm1/matching.php(8): PDO->prepare('SELECT * FROM m...')
#1 {main}
  thrown in /home/ubuntu/workspace/s2019cst336/Exams/Midterm1/matching.php on line 8
[27-Mar-2019 23:12:32 UTC] PHP Fatal error:  Uncaught exception 'PDOException' with message 'SQLSTATE[42000]: Syntax error or access violation: 1064 You have an error in your SQL syntax; check the manual that corresponds to your MySQL server version for the right syntax to use near 'match' at line 1' in /home/ubuntu/workspace/s2019cst336/Exams/Midterm1/matching.php:8
Stack trace:
#0 /home/ubuntu/workspace/s2019cst336/Exams/Midterm1/matching.php(8): PDO->prepare('SELECT * FROM m...')
#1 {main}
  thrown in /home/ubuntu/workspace/s2019cst336/Exams/Midterm1/matching.php on line 8
[27-Mar-2019 23:12:32 UTC] PHP Fatal error:  Uncaught exception 'PDOException' with message 'SQLSTATE[42000]: Syntax error or access violation: 1064 You have an error in your SQL syntax; check the manual that corresponds to your MySQL server version for the right syntax to use near 'match' at line 1' in /home/ubuntu/workspace/s2019cst336/Exams/Midterm1/matching.php:8
Stack trace:
#0 /home/ubuntu/workspace/s2019cst336/Exams/Midterm1/matching.php(8): PDO->prepare('SELECT * FROM m...')
#1 {main}
  thrown in /home/ubuntu/workspace/s2019cst336/Exams/Midterm1/matching.php on line 8
[27-Mar-2019 23:12:33 UTC] PHP Fatal error:  Uncaught exception 'PDOException' with message 'SQLSTATE[42000]: Syntax error or access violation: 1064 You have an error in your SQL syntax; check the manual that corresponds to your MySQL server version for the right syntax to use near 'match' at line 1' in /home/ubuntu/workspace/s2019cst336/Exams/Midterm1/matching.php:8
Stack trace:
#0 /home/ubuntu/workspace/s2019cst336/Exams/Midterm1/matching.php(8): PDO->prepare('SELECT * FROM m...')
#1 {main}
  thrown in /home/ubuntu/workspace/s2019cst336/Exams/Midterm1/matching.php on line 8
[27-Mar-2019 23:15:00 UTC] PHP Fatal error:  Uncaught exception 'PDOException' with message 'SQLSTATE[42000]: Syntax error or access violation: 1064 You have an error in your SQL syntax; check the manual that corresponds to your MySQL server version for the right syntax to use near 'match WHERE 1' at line 1' in /home/ubuntu/workspace/s2019cst336/Exams/Midterm1/matching.php:8
Stack trace:
#0 /home/ubuntu/workspace/s2019cst336/Exams/Midterm1/matching.php(8): PDO->prepare('SELECT * FROM m...')
#1 {main}
  thrown in /home/ubuntu/workspace/s2019cst336/Exams/Midterm1/matching.php on line 8
[27-Mar-2019 23:16:36 UTC] PHP Fatal error:  Uncaught exception 'PDOException' with message 'SQLSTATE[42000]: Syntax error or access violation: 1064 You have an error in your SQL syntax; check the manual that corresponds to your MySQL server version for the right syntax to use near 'match WHERE 1' at line 1' in /home/ubuntu/workspace/s2019cst336/Exams/Midterm1/matching.php:8
Stack trace:
#0 /home/ubuntu/workspace/s2019cst336/Exams/Midterm1/matching.php(8): PDO->prepare('SELECT * FROM m...')
#1 {main}
  thrown in /home/ubuntu/workspace/s2019cst336/Exams/Midterm1/matching.php on line 8
[27-Mar-2019 23:16:38 UTC] PHP Fatal error:  Uncaught exception 'PDOException' with message 'SQLSTATE[42000]: Syntax error or access violation: 1064 You have an error in your SQL syntax; check the manual that corresponds to your MySQL server version for the right syntax to use near 'match WHERE 1' at line 1' in /home/ubuntu/workspace/s2019cst336/Exams/Midterm1/matching.php:8
Stack trace:
#0 /home/ubuntu/workspace/s2019cst336/Exams/Midterm1/matching.php(8): PDO->prepare('SELECT * FROM m...')
#1 {main}
  thrown in /home/ubuntu/workspace/s2019cst336/Exams/Midterm1/matching.php on line 8
[27-Mar-2019 23:18:02 UTC] PHP Fatal error:  Uncaught exception 'PDOException' with message 'SQLSTATE[42000]: Syntax error or access violation: 1064 You have an error in your SQL syntax; check the manual that corresponds to your MySQL server version for the right syntax to use near 'match' at line 1' in /home/ubuntu/workspace/s2019cst336/Exams/Midterm1/matching.php:8
Stack trace:
#0 /home/ubuntu/workspace/s2019cst336/Exams/Midterm1/matching.php(8): PDO->prepare('SELECT user_id ...')
#1 {main}
  thrown in /home/ubuntu/workspace/s2019cst336/Exams/Midterm1/matching.php on line 8
[27-Mar-2019 23:18:14 UTC] PHP Fatal error:  Uncaught exception 'PDOException' with message 'SQLSTATE[42000]: Syntax error or access violation: 1064 You have an error in your SQL syntax; check the manual that corresponds to your MySQL server version for the right syntax to use near 'match' at line 1' in /home/ubuntu/workspace/s2019cst336/Exams/Midterm1/matching.php:8
Stack trace:
#0 /home/ubuntu/workspace/s2019cst336/Exams/Midterm1/matching.php(8): PDO->prepare('SELECT user_id ...')
#1 {main}
  thrown in /home/ubuntu/workspace/s2019cst336/Exams/Midterm1/matching.php on line 8
[27-Mar-2019 23:18:16 UTC] PHP Fatal error:  Uncaught exception 'PDOException' with message 'SQLSTATE[42000]: Syntax error or access violation: 1064 You have an error in your SQL syntax; check the manual that corresponds to your MySQL server version for the right syntax to use near 'match' at line 1' in /home/ubuntu/workspace/s2019cst336/Exams/Midterm1/matching.php:8
Stack trace:
#0 /home/ubuntu/workspace/s2019cst336/Exams/Midterm1/matching.php(8): PDO->prepare('SELECT user_id ...')
#1 {main}
  thrown in /home/ubuntu/workspace/s2019cst336/Exams/Midterm1/matching.php on line 8
[27-Mar-2019 23:20:08 UTC] PHP Parse error:  syntax error, unexpected '"this "' (T_CONSTANT_ENCAPSED_STRING) in /home/ubuntu/workspace/s2019cst336/Exams/Midterm1/matching.php on line 7
[27-Mar-2019 23:20:44 UTC] PHP Fatal error:  Uncaught exception 'PDOException' with message 'SQLSTATE[42000]: Syntax error or access violation: 1064 You have an error in your SQL syntax; check the manual that corresponds to your MySQL server version for the right syntax to use near 'match' at line 1' in /home/ubuntu/workspace/s2019cst336/Exams/Midterm1/matching.php:8
Stack trace:
#0 /home/ubuntu/workspace/s2019cst336/Exams/Midterm1/matching.php(8): PDO->prepare('SELECT user_id ...')
#1 {main}
  thrown in /home/ubuntu/workspace/s2019cst336/Exams/Midterm1/matching.php on line 8
[27-Mar-2019 23:20:48 UTC] PHP Fatal error:  Uncaught exception 'PDOException' with message 'SQLSTATE[42000]: Syntax error or access violation: 1064 You have an error in your SQL syntax; check the manual that corresponds to your MySQL server version for the right syntax to use near 'match' at line 1' in /home/ubuntu/workspace/s2019cst336/Exams/Midterm1/matching.php:8
Stack trace:
#0 /home/ubuntu/workspace/s2019cst336/Exams/Midterm1/matching.php(8): PDO->prepare('SELECT user_id ...')
#1 {main}
  thrown in /home/ubuntu/workspace/s2019cst336/Exams/Midterm1/matching.php on line 8
[27-Mar-2019 23:20:59 UTC] PHP Fatal error:  Uncaught exception 'PDOException' with message 'SQLSTATE[42000]: Syntax error or access violation: 1064 You have an error in your SQL syntax; check the manual that corresponds to your MySQL server version for the right syntax to use near 'match' at line 1' in /home/ubuntu/workspace/s2019cst336/Exams/Midterm1/matching.php:8
Stack trace:
#0 /home/ubuntu/workspace/s2019cst336/Exams/Midterm1/matching.php(8): PDO->prepare('SELECT user_id ...')
#1 {main}
  thrown in /home/ubuntu/workspace/s2019cst336/Exams/Midterm1/matching.php on line 8
[27-Mar-2019 23:21:03 UTC] PHP Fatal error:  Uncaught exception 'PDOException' with message 'SQLSTATE[42000]: Syntax error or access violation: 1064 You have an error in your SQL syntax; check the manual that corresponds to your MySQL server version for the right syntax to use near 'match' at line 1' in /home/ubuntu/workspace/s2019cst336/Exams/Midterm1/matching.php:8
Stack trace:
#0 /home/ubuntu/workspace/s2019cst336/Exams/Midterm1/matching.php(8): PDO->prepare('SELECT user_id ...')
#1 {main}
  thrown in /home/ubuntu/workspace/s2019cst336/Exams/Midterm1/matching.php on line 8
